<?xml version="1.0" encoding="UTF-8"?>
<!-- Generated by org.testng.reporters.JUnitReportReporter -->
<testsuite hostname="MacBook-Pro.local" failures="0" tests="1" name="com.testng.testcases.contacttest" time="14.876" errors="0" timestamp="2024-12-22T12:44:30 PST" skipped="0">
  <testcase classname="com.testng.testcases.contacttest" name="testcase_32" time="14.876"/>
  <system-out/>
</testsuite> <!-- com.testng.testcases.contacttest -->
