<?xml version="1.0" encoding="UTF-8"?>
<!-- Generated by org.testng.reporters.JUnitReportReporter -->
<testsuite hostname="MacBook-Pro.local" failures="0" tests="5" name="com.testng.testcases.logintest" time="43.400" errors="0" timestamp="2024-12-17T10:50:06 PST" skipped="0">
  <testcase classname="com.testng.testcases.logintest" name="testcase_4a" time="6.616"/>
  <system-out/>
  <testcase classname="com.testng.testcases.logintest" name="testcase_1" time="7.700"/>
  <system-out/>
  <testcase classname="com.testng.testcases.logintest" name="testcase_2" time="8.482"/>
  <system-out/>
  <testcase classname="com.testng.testcases.logintest" name="testcase_3" time="13.607"/>
  <system-out/>
  <testcase classname="com.testng.testcases.logintest" name="testcase_4b" time="6.995"/>
  <system-out/>
</testsuite> <!-- com.testng.testcases.logintest -->
