<?xml version="1.0" encoding="UTF-8"?>
<!-- Generated by org.testng.reporters.JUnitReportReporter -->
<testsuite hostname="MacBook-Pro.local" failures="0" tests="1" name="com.testng.testcases.CreateAccounttest" time="20.213" errors="0" timestamp="2024-12-20T23:30:10 PST" skipped="0">
  <testcase classname="com.testng.testcases.CreateAccounttest" name="testcase_14" time="20.213"/>
  <system-out/>
</testsuite> <!-- com.testng.testcases.CreateAccounttest -->
