<?xml version="1.0" encoding="UTF-8"?>
<!-- Generated by org.testng.reporters.JUnitReportReporter -->
<testsuite hostname="MacBook-Pro.local" failures="0" tests="1" name="com.testng.testcases.randomtest" time="21.963" errors="0" timestamp="2024-12-22T16:57:11 PST" skipped="0">
  <testcase classname="com.testng.testcases.randomtest" name="testcase_37" time="21.963"/>
  <system-out/>
</testsuite> <!-- com.testng.testcases.randomtest -->
