<?xml version="1.0" encoding="UTF-8"?>
<!-- Generated by org.testng.reporters.JUnitReportReporter -->
<testsuite hostname="MacBook-Pro.local" failures="0" tests="1" name="com.testng.testcases.Leadstest" time="13.501" errors="0" timestamp="2024-12-21T22:12:52 PST" skipped="0">
  <testcase classname="com.testng.testcases.Leadstest" name="testcase_24" time="13.501"/>
  <system-out/>
</testsuite> <!-- com.testng.testcases.Leadstest -->
