<?xml version="1.0" encoding="UTF-8"?>
<!-- Generated by org.testng.reporters.JUnitReportReporter -->
<testsuite hostname="MacBook-Pro.local" failures="0" tests="1" name="com.testng.testcases.usermenutest" time="21.861" errors="0" timestamp="2024-12-15T20:11:50 PST" skipped="0">
  <testcase classname="com.testng.testcases.usermenutest" name="testcase_7" time="21.861"/>
  <system-out/>
</testsuite> <!-- com.testng.testcases.usermenutest -->
