<?xml version="1.0" encoding="UTF-8"?>
<!-- Generated by org.testng.reporters.JUnitReportReporter -->
<testsuite hostname="MacBook-Pro.local" failures="0" tests="1" name="com.testng.testcases.CreateOpportunitytest" time="13.434" errors="0" timestamp="2024-12-21T19:06:04 PST" skipped="0">
  <testcase classname="com.testng.testcases.CreateOpportunitytest" name="testcase_19" time="13.434"/>
  <system-out/>
</testsuite> <!-- com.testng.testcases.CreateOpportunitytest -->
