<?xml version="1.0" encoding="UTF-8"?>
<!-- Generated by org.testng.reporters.JUnitReportReporter -->
<testsuite hostname="MacBook-Pro.local" failures="0" tests="5" name="com.testng.testcases.logintest" time="23.358" errors="0" timestamp="2024-12-12T23:01:20 PST" skipped="0">
  <testcase classname="com.testng.testcases.logintest" name="testcase_4a" time="5.027"/>
  <system-out/>
  <testcase classname="com.testng.testcases.logintest" name="testcase_1" time="4.311"/>
  <system-out/>
  <testcase classname="com.testng.testcases.logintest" name="testcase_2" time="4.338"/>
  <system-out/>
  <testcase classname="com.testng.testcases.logintest" name="testcase_3" time="5.849"/>
  <system-out/>
  <testcase classname="com.testng.testcases.logintest" name="testcase_4b" time="3.833"/>
  <system-out/>
</testsuite> <!-- com.testng.testcases.logintest -->
