<?xml version="1.0" encoding="UTF-8"?>
<!-- Generated by org.testng.reporters.JUnitReportReporter -->
<testsuite hostname="MacBook-Pro.local" failures="0" tests="5" name="com.testng.testcases.logintest" time="32.656" errors="0" timestamp="2024-12-14T09:18:00 PST" skipped="0">
  <testcase classname="com.testng.testcases.logintest" name="testcase_4a" time="4.428"/>
  <testcase classname="com.testng.testcases.logintest" name="testcase_1" time="3.941"/>
  <testcase classname="com.testng.testcases.logintest" name="testcase_2" time="7.436"/>
  <testcase classname="com.testng.testcases.logintest" name="testcase_3" time="11.921"/>
  <testcase classname="com.testng.testcases.logintest" name="testcase_4b" time="4.930"/>
</testsuite> <!-- com.testng.testcases.logintest -->
