<?xml version="1.0" encoding="UTF-8"?>
<!-- Generated by org.testng.reporters.JUnitReportReporter -->
<testsuite hostname="MacBook-Pro.local" failures="0" tests="5" name="com.testng.testcases.logintest" time="39.176" errors="0" timestamp="2024-12-18T11:06:49 PST" skipped="0">
  <testcase classname="com.testng.testcases.logintest" name="testcase_4a" time="6.695"/>
  <testcase classname="com.testng.testcases.logintest" name="testcase_1" time="6.275"/>
  <testcase classname="com.testng.testcases.logintest" name="testcase_2" time="8.096"/>
  <testcase classname="com.testng.testcases.logintest" name="testcase_3" time="10.290"/>
  <testcase classname="com.testng.testcases.logintest" name="testcase_4b" time="7.820"/>
</testsuite> <!-- com.testng.testcases.logintest -->
