<?xml version="1.0" encoding="UTF-8"?>
<!-- Generated by org.testng.reporters.JUnitReportReporter -->
<testsuite hostname="MacBook-Pro.local" failures="0" tests="2" name="com.testng.testcases.usermenutest" time="30.513" errors="0" timestamp="2024-12-14T09:18:00 PST" skipped="0">
  <testcase classname="com.testng.testcases.usermenutest" name="testcase_6" time="23.776"/>
  <testcase classname="com.testng.testcases.usermenutest" name="testcase_5" time="6.737"/>
</testsuite> <!-- com.testng.testcases.usermenutest -->
